<?xml version='1.0' encoding='UTF-8'?>
<testsuite hostname="Sukhpinder-SFIN624" name="SetSpec" tests="2" errors="0" failures="0" skipped="0" time="0.002" timestamp="2020-08-31T13:48:01">
                     <properties>
[...]
</properties>
                     <testcase classname="SetSpec" name="An empty Set should have size 0" time="0.001">
                                                 
                                               </testcase><testcase classname="SetSpec" name="An empty Set should produce NoSuchElementException when head is invoked" time="0.001">
                                                 
                                               </testcase>
                     <system-out><![CDATA[]]></system-out>
                     <system-err><![CDATA[]]></system-err>
                   </testsuite>